2018-08-21 13:42:32,912 INFO  [Logger] inside login() method 
2018-08-21 13:42:32,927 INFO  [Logger] inside logIn method. 
2018-08-21 13:42:39,848 INFO  [Logger]  element is present 
2018-08-21 13:42:40,080 INFO  [Logger]  element is present 
2018-08-21 13:43:30,143 INFO  [Logger] inside login() method 
2018-08-21 13:43:30,158 INFO  [Logger] inside logIn method. 
2018-08-21 13:43:36,668 INFO  [Logger]  element is present 
2018-08-21 13:43:36,715 INFO  [Logger]  element is present 
2018-08-21 13:43:36,766 INFO  [Logger] Failed!! Unable to enter a text into a textbox.//*[@id='user_login'] 
2018-08-21 13:43:44,100 INFO  [Logger] inside login() method 
2018-08-21 13:43:44,113 INFO  [Logger] inside logIn method. 
2018-08-21 13:43:46,167 INFO  [Logger]  element is present 
2018-08-21 13:43:46,203 INFO  [Logger]  element is present 
2018-08-21 13:43:46,230 INFO  [Logger] Failed!! Unable to enter a text into a textbox.//*[@id='user_login'] 
2018-08-21 13:43:53,673 INFO  [Logger] Entered into createEcardCategory() test 
2018-08-21 13:43:53,689 INFO  [Logger] Entered into nav2AdminEcard() method 
2018-08-21 13:43:58,042 INFO  [Logger] Entered into addEcardCategory() method  
2018-08-21 13:43:58,052 INFO  [Logger] Entered into listOfPanelTitles() method  
2018-08-21 13:46:13,235 INFO  [Logger] inside login() method 
2018-08-21 13:46:13,252 INFO  [Logger] inside logIn method. 
2018-08-21 13:46:19,556 INFO  [Logger]  element is present 
2018-08-21 13:46:19,598 INFO  [Logger]  element is present 
2018-08-21 13:47:46,895 INFO  [Logger] Failed!! Unable to capture confirmation message 
2018-08-21 13:47:46,909 INFO  [Logger] Entered into createEcardCategory() test 
2018-08-21 13:47:46,927 INFO  [Logger] Entered into nav2AdminEcard() method 
2018-08-21 13:47:53,925 INFO  [Logger] Entered into addEcardCategory() method  
2018-08-21 13:47:53,940 INFO  [Logger] Entered into listOfPanelTitles() method  
2018-08-21 13:47:56,760 INFO  [Logger] Failed!! Unable to wait on this element div > div.col-md-6.text-right > a:nth-child(1) 
2018-08-21 13:47:56,793 INFO  [Logger] Failed!! Unable to click on a button.div > div.col-md-6.text-right > a:nth-child(1) 
2018-08-21 13:48:09,833 INFO  [Logger] Failed!! Unable to wait on this element input#pyr_crm_ecard_category_category_name 
2018-08-21 13:48:19,897 INFO  [Logger] Failed!! Unable to wait on this element input#pyr_crm_ecard_category_category_name 
2018-08-21 13:48:29,963 INFO  [Logger] Failed!! Unable to wait on this element input#pyr_crm_ecard_category_category_name 
2018-08-21 13:48:40,007 INFO  [Logger] Failed!! Unable to enter a text into a textbox.input#pyr_crm_ecard_category_category_name 
2018-08-21 13:48:50,067 INFO  [Logger] Failed!! Required option is not available or not select drop down listselect#pyr_crm_ecard_category_parent_category_id 
2018-08-21 13:49:00,097 INFO  [Logger] Failed!! Unable to wait on this element #new_pyr_crm_ecard_category > div.actions > input 
2018-08-21 13:49:10,134 INFO  [Logger] Failed!! Unable to click on a button.#new_pyr_crm_ecard_category > div.actions > input 
2018-08-21 13:49:10,151 INFO  [Logger] inside waitOnSpinner() method 
2018-08-21 13:49:20,213 INFO  [Logger] Failed!! Unable to wait on this element //*[@id='spinner-container'][@display='none'] 
2018-08-21 13:49:34,278 INFO  [Logger] Failed!! Unable to capture confirmation message 
2018-08-21 13:49:34,284 INFO  [Logger] Entered into nav2AdminEcard() method 
2018-08-21 13:49:38,943 INFO  [Logger] Entered into addEcardCategory() method  
2018-08-21 13:49:38,960 INFO  [Logger] Entered into listOfPanelTitles() method  
2018-08-21 13:49:41,610 INFO  [Logger] Failed!! Unable to wait on this element div > div.col-md-6.text-right > a:nth-child(1) 
2018-08-21 13:49:41,636 INFO  [Logger] Failed!! Unable to click on a button.div > div.col-md-6.text-right > a:nth-child(1) 
2018-08-21 13:49:54,689 INFO  [Logger] Failed!! Unable to wait on this element input#pyr_crm_ecard_category_category_name 
2018-08-21 13:50:04,737 INFO  [Logger] Failed!! Unable to wait on this element input#pyr_crm_ecard_category_category_name 
2018-08-21 13:50:14,805 INFO  [Logger] Failed!! Unable to wait on this element input#pyr_crm_ecard_category_category_name 
2018-08-21 13:50:24,861 INFO  [Logger] Failed!! Unable to enter a text into a textbox.input#pyr_crm_ecard_category_category_name 
2018-08-21 13:50:34,908 INFO  [Logger] Failed!! Required option is not available or not select drop down listselect#pyr_crm_ecard_category_parent_category_id 
2018-08-21 13:50:44,956 INFO  [Logger] Failed!! Unable to wait on this element #new_pyr_crm_ecard_category > div.actions > input 
2018-08-21 13:50:55,028 INFO  [Logger] Failed!! Unable to click on a button.#new_pyr_crm_ecard_category > div.actions > input 
2018-08-21 13:50:55,037 INFO  [Logger] inside waitOnSpinner() method 
2018-08-21 13:51:05,072 INFO  [Logger] Failed!! Unable to wait on this element //*[@id='spinner-container'][@display='none'] 
2018-08-21 13:51:19,130 INFO  [Logger] Failed!! Unable to capture confirmation message 
2018-08-21 13:51:19,139 INFO  [Logger] Entered into validateCategories() method  
2018-08-21 13:51:19,145 INFO  [Logger] Entered into nav2EcardCategories() method 
2018-08-21 13:51:19,158 INFO  [Logger] Entered into nav2AdminEcard() method 
2018-08-21 13:51:23,596 INFO  [Logger] Entered into listOfPanelTitles() method  
2018-08-21 13:51:26,731 INFO  [Logger] Entered into createEcardCategory() test 
2018-08-21 13:51:26,737 INFO  [Logger] Entered into nav2AdminEcard() method 
2018-08-21 13:51:31,219 INFO  [Logger] Entered into addEcardCategory() method  
2018-08-21 13:51:31,232 INFO  [Logger] Entered into listOfPanelTitles() method  
2018-08-21 13:51:33,657 INFO  [Logger] Failed!! Unable to wait on this element div > div.col-md-6.text-right > a:nth-child(1) 
2018-08-21 13:51:33,683 INFO  [Logger] Failed!! Unable to click on a button.div > div.col-md-6.text-right > a:nth-child(1) 
2018-08-21 13:51:46,737 INFO  [Logger] Failed!! Unable to wait on this element input#pyr_crm_ecard_category_category_name 
2018-08-21 13:51:56,783 INFO  [Logger] Failed!! Unable to wait on this element input#pyr_crm_ecard_category_category_name 
2018-08-21 13:52:06,826 INFO  [Logger] Failed!! Unable to wait on this element input#pyr_crm_ecard_category_category_name 
2018-08-21 13:52:16,867 INFO  [Logger] Failed!! Unable to enter a text into a textbox.input#pyr_crm_ecard_category_category_name 
2018-08-21 13:52:26,924 INFO  [Logger] Failed!! Required option is not available or not select drop down listselect#pyr_crm_ecard_category_parent_category_id 
2018-08-21 13:52:36,971 INFO  [Logger] Failed!! Unable to wait on this element #new_pyr_crm_ecard_category > div.actions > input 
2018-08-21 13:52:47,042 INFO  [Logger] Failed!! Unable to click on a button.#new_pyr_crm_ecard_category > div.actions > input 
2018-08-21 13:52:47,046 INFO  [Logger] inside waitOnSpinner() method 
2018-08-21 13:52:57,084 INFO  [Logger] Failed!! Unable to wait on this element //*[@id='spinner-container'][@display='none'] 
2018-08-21 13:53:11,136 INFO  [Logger] Failed!! Unable to capture confirmation message 
2018-08-21 13:53:11,144 INFO  [Logger] Entered into nav2AdminEcard() method 
2018-08-21 13:53:16,172 INFO  [Logger] Entered into addEcardCategory() method  
2018-08-21 13:53:16,183 INFO  [Logger] Entered into listOfPanelTitles() method  
2018-08-21 13:53:18,816 INFO  [Logger] Failed!! Unable to wait on this element div > div.col-md-6.text-right > a:nth-child(1) 
2018-08-21 13:53:18,838 INFO  [Logger] Failed!! Unable to click on a button.div > div.col-md-6.text-right > a:nth-child(1) 
2018-08-21 13:53:31,885 INFO  [Logger] Failed!! Unable to wait on this element input#pyr_crm_ecard_category_category_name 
2018-08-21 13:53:41,935 INFO  [Logger] Failed!! Unable to wait on this element input#pyr_crm_ecard_category_category_name 
2018-08-21 13:53:51,964 INFO  [Logger] Failed!! Unable to wait on this element input#pyr_crm_ecard_category_category_name 
2018-08-21 13:54:02,026 INFO  [Logger] Failed!! Unable to enter a text into a textbox.input#pyr_crm_ecard_category_category_name 
2018-08-21 13:54:12,070 INFO  [Logger] Failed!! Required option is not available or not select drop down listselect#pyr_crm_ecard_category_parent_category_id 
2018-08-21 13:54:22,111 INFO  [Logger] Failed!! Unable to wait on this element #new_pyr_crm_ecard_category > div.actions > input 
2018-08-21 13:54:32,186 INFO  [Logger] Failed!! Unable to click on a button.#new_pyr_crm_ecard_category > div.actions > input 
2018-08-21 13:54:32,193 INFO  [Logger] inside waitOnSpinner() method 
2018-08-21 13:54:42,237 INFO  [Logger] Failed!! Unable to wait on this element //*[@id='spinner-container'][@display='none'] 
2018-08-21 13:54:56,292 INFO  [Logger] Failed!! Unable to capture confirmation message 
2018-08-21 13:54:56,301 INFO  [Logger] Entered into validateCategories() method  
2018-08-21 13:54:56,305 INFO  [Logger] Entered into nav2EcardCategories() method 
2018-08-21 13:54:56,310 INFO  [Logger] Entered into nav2AdminEcard() method 
2018-08-21 13:55:00,773 INFO  [Logger] Entered into listOfPanelTitles() method  
2018-08-22 15:46:08,477 INFO  [Logger] inside login() method 
2018-08-22 15:46:08,477 INFO  [Logger] inside login() method 
2018-08-22 15:46:08,493 INFO  [Logger] inside logIn method. 
2018-08-22 15:46:08,493 INFO  [Logger] inside logIn method. 
2018-08-22 15:46:09,934 INFO  [Logger] inside login() method 
2018-08-22 15:46:09,950 INFO  [Logger] inside logIn method. 
2018-08-22 15:46:18,584 INFO  [Logger]  element is present 
2018-08-22 15:46:18,771 INFO  [Logger]  element is present 
2018-08-22 15:46:18,803 INFO  [Logger]  element is present 
2018-08-22 15:46:19,005 INFO  [Logger]  element is present 
2018-08-22 15:46:20,459 INFO  [Logger]  element is present 
2018-08-22 15:46:20,522 INFO  [Logger]  element is present 
2018-11-28 11:27:44,543 INFO  [Logger] inside login() method 
2018-11-28 11:27:44,544 INFO  [Logger] inside login() method 
2018-11-28 11:27:44,676 INFO  [Logger] inside logIn method. 
2018-11-28 11:27:44,680 INFO  [Logger] inside logIn method. 
2018-11-28 11:27:44,695 INFO  [Logger]  
2018-11-28 11:27:44,693 INFO  [Logger]  
2018-11-28 11:27:44,710 INFO  [Logger] inside loginAsUser() Test. 
2018-11-28 11:27:44,726 INFO  [Logger] inside loginAsUserFromAdvanced() method 
2018-11-28 11:27:44,731 INFO  [TestBase] Generating random number in range - 1000,9999 
2018-11-28 11:27:44,731 INFO  [TestBase] Generating random number = 1134 
2018-11-28 11:27:44,739 INFO  [TestBase] Generating random number in range - 1000,9999 
2018-11-28 11:27:44,739 INFO  [TestBase] Generating random number = 3784 
2018-11-28 11:27:44,742 INFO  [TestBase] Generating random number in range - 1000,9999 
2018-11-28 11:27:44,742 INFO  [TestBase] Generating random number = 6973 
2018-11-28 11:27:44,744 INFO  [TestBase] Generating random number in range - 1000,9999 
2018-11-28 11:27:44,744 INFO  [TestBase] Generating random number = 1852 
2018-11-28 11:27:44,751 INFO  [TestBase] Generating random number in range - 1000,9999 
2018-11-28 11:27:44,751 INFO  [TestBase] Generating random number = 9241 
2018-11-28 11:27:44,751 INFO  [TestBase] Generating random number in range - 1000,9999 
2018-11-28 11:27:44,751 INFO  [TestBase] Generating random number = 3070 
2018-11-28 11:27:44,757 INFO  [Logger] inside go2Users() method. 
2018-11-28 11:27:44,766 INFO  [Logger] inside loginAsUser() Test. 
2018-11-28 11:27:44,772 INFO  [Logger] inside loginAsUserFromAdvanced() method 
2018-11-28 11:27:44,772 INFO  [TestBase] Generating random number in range - 1000,9999 
2018-11-28 11:27:44,772 INFO  [TestBase] Generating random number = 5046 
2018-11-28 11:27:44,772 INFO  [TestBase] Generating random number in range - 1000,9999 
2018-11-28 11:27:44,772 INFO  [TestBase] Generating random number = 5044 
2018-11-28 11:27:44,772 INFO  [TestBase] Generating random number in range - 1000,9999 
2018-11-28 11:27:44,772 INFO  [TestBase] Generating random number = 5102 
2018-11-28 11:27:44,772 INFO  [TestBase] Generating random number in range - 1000,9999 
2018-11-28 11:27:44,772 INFO  [TestBase] Generating random number = 5072 
2018-11-28 11:27:44,772 INFO  [TestBase] Generating random number in range - 1000,9999 
2018-11-28 11:27:44,773 INFO  [TestBase] Generating random number = 9632 
2018-11-28 11:27:44,773 INFO  [TestBase] Generating random number in range - 1000,9999 
2018-11-28 11:27:44,773 INFO  [TestBase] Generating random number = 6952 
2018-11-28 11:27:44,777 INFO  [Logger] inside go2Users() method. 
2018-11-28 11:30:44,134 INFO  [Logger] inside login() method 
2018-11-28 11:30:44,135 INFO  [Logger] inside login() method 
2018-11-28 11:30:44,139 INFO  [Logger] inside logIn method. 
2018-11-28 11:30:44,139 INFO  [Logger] inside logIn method. 
2018-11-28 11:30:44,143 INFO  [Logger]  
2018-11-28 11:30:44,143 INFO  [Logger]  
2018-11-28 11:30:44,151 INFO  [Logger] inside loginAsUser() Test. 
2018-11-28 11:30:44,156 INFO  [Logger] inside loginAsUserFromAdvanced() method 
2018-11-28 11:30:44,159 INFO  [TestBase] Generating random number in range - 1000,9999 
2018-11-28 11:30:44,159 INFO  [TestBase] Generating random number = 4814 
2018-11-28 11:30:44,161 INFO  [TestBase] Generating random number in range - 1000,9999 
2018-11-28 11:30:44,161 INFO  [TestBase] Generating random number = 3748 
2018-11-28 11:30:44,162 INFO  [TestBase] Generating random number in range - 1000,9999 
2018-11-28 11:30:44,162 INFO  [TestBase] Generating random number = 4042 
2018-11-28 11:30:44,163 INFO  [TestBase] Generating random number in range - 1000,9999 
2018-11-28 11:30:44,163 INFO  [TestBase] Generating random number = 6710 
2018-11-28 11:30:44,166 INFO  [TestBase] Generating random number in range - 1000,9999 
2018-11-28 11:30:44,166 INFO  [TestBase] Generating random number = 6410 
2018-11-28 11:30:44,166 INFO  [TestBase] Generating random number in range - 1000,9999 
2018-11-28 11:30:44,166 INFO  [TestBase] Generating random number = 9448 
2018-11-28 11:30:44,170 INFO  [Logger] inside go2Users() method. 
2018-11-28 11:30:44,176 INFO  [Logger] inside loginAsUser() Test. 
2018-11-28 11:30:44,181 INFO  [Logger] inside loginAsUserFromAdvanced() method 
2018-11-28 11:30:44,181 INFO  [TestBase] Generating random number in range - 1000,9999 
2018-11-28 11:30:44,181 INFO  [TestBase] Generating random number = 9946 
2018-11-28 11:30:44,181 INFO  [TestBase] Generating random number in range - 1000,9999 
2018-11-28 11:30:44,181 INFO  [TestBase] Generating random number = 1513 
2018-11-28 11:30:44,181 INFO  [TestBase] Generating random number in range - 1000,9999 
2018-11-28 11:30:44,181 INFO  [TestBase] Generating random number = 6406 
2018-11-28 11:30:44,181 INFO  [TestBase] Generating random number in range - 1000,9999 
2018-11-28 11:30:44,181 INFO  [TestBase] Generating random number = 3214 
2018-11-28 11:30:44,181 INFO  [TestBase] Generating random number in range - 1000,9999 
2018-11-28 11:30:44,181 INFO  [TestBase] Generating random number = 3961 
2018-11-28 11:30:44,181 INFO  [TestBase] Generating random number in range - 1000,9999 
2018-11-28 11:30:44,181 INFO  [TestBase] Generating random number = 9460 
2018-11-28 11:30:44,184 INFO  [Logger] inside go2Users() method. 
2018-11-28 11:31:57,025 INFO  [Logger] inside login() method 
2018-11-28 11:31:57,033 INFO  [Logger] inside logIn method. 
2018-11-28 11:31:57,237 INFO  [Logger] inside login() method 
2018-11-28 11:31:57,248 INFO  [Logger] inside logIn method. 
2018-11-28 11:32:04,486 INFO  [Logger]  element is present 
2018-11-28 11:32:04,517 INFO  [Logger]  element is present 
2018-11-28 11:32:04,568 INFO  [Logger] Failed!! Unable to enter a text into a textbox.//*[@id='user_login'] 
2018-11-28 11:32:04,606 INFO  [Logger] Failed!! Unable to enter a text into a textbox.//*[@id='user_password'] 
2018-11-28 11:32:05,340 INFO  [Logger]  element is present 
2018-11-28 11:32:05,371 INFO  [Logger]  element is present 
2018-11-28 11:32:05,401 INFO  [Logger] Failed!! Unable to enter a text into a textbox.//*[@id='user_login'] 
2018-11-28 11:32:05,431 INFO  [Logger] Failed!! Unable to enter a text into a textbox.//*[@id='user_password'] 
2018-11-28 11:32:11,201 INFO  [Logger] inside login() method 
2018-11-28 11:32:11,204 INFO  [Logger] inside logIn method. 
2018-11-28 11:32:12,472 INFO  [Logger] inside loginAsUser() Test. 
2018-11-28 11:32:12,480 INFO  [Logger] inside loginAsUserFromAdvanced() method 
2018-11-28 11:32:12,482 INFO  [TestBase] Generating random number in range - 1000,9999 
2018-11-28 11:32:12,482 INFO  [TestBase] Generating random number = 9161 
2018-11-28 11:32:12,485 INFO  [TestBase] Generating random number in range - 1000,9999 
2018-11-28 11:32:12,485 INFO  [TestBase] Generating random number = 9788 
2018-11-28 11:32:12,486 INFO  [TestBase] Generating random number in range - 1000,9999 
2018-11-28 11:32:12,486 INFO  [TestBase] Generating random number = 6306 
2018-11-28 11:32:12,487 INFO  [TestBase] Generating random number in range - 1000,9999 
2018-11-28 11:32:12,487 INFO  [TestBase] Generating random number = 2753 
2018-11-28 11:32:12,491 INFO  [TestBase] Generating random number in range - 1000,9999 
2018-11-28 11:32:12,491 INFO  [TestBase] Generating random number = 9058 
2018-11-28 11:32:12,492 INFO  [TestBase] Generating random number in range - 1000,9999 
2018-11-28 11:32:12,492 INFO  [TestBase] Generating random number = 3520 
2018-11-28 11:32:12,496 INFO  [Logger] inside go2Users() method. 
2018-11-28 11:32:13,334 INFO  [Logger]  element is present 
2018-11-28 11:32:13,373 INFO  [Logger]  element is present 
2018-11-28 11:32:13,430 INFO  [Logger] Failed!! Unable to enter a text into a textbox.//*[@id='user_login'] 
2018-11-28 11:32:13,479 INFO  [Logger] Failed!! Unable to enter a text into a textbox.//*[@id='user_password'] 
2018-11-28 11:32:14,856 INFO  [Logger] inside advancedSearchToSelectUser() method 
2018-11-28 11:33:36,459 INFO  [Logger] inside login() method 
2018-11-28 11:33:36,465 INFO  [Logger] inside logIn method. 
2018-11-28 11:33:36,815 INFO  [Logger] inside login() method 
2018-11-28 11:33:36,824 INFO  [Logger] inside logIn method. 
2018-11-28 11:33:42,714 INFO  [Logger]  element is present 
2018-11-28 11:33:42,774 INFO  [Logger]  element is present 
2018-11-28 11:33:42,842 INFO  [Logger] Failed!! Unable to enter a text into a textbox.//*[@id='user_login'] 
2018-11-28 11:33:42,877 INFO  [Logger] Failed!! Unable to enter a text into a textbox.//*[@id='user_password'] 
2018-11-28 11:33:43,631 INFO  [Logger]  element is present 
2018-11-28 11:33:43,677 INFO  [Logger]  element is present 
2018-11-28 11:33:43,725 INFO  [Logger] Failed!! Unable to enter a text into a textbox.//*[@id='user_login'] 
2018-11-28 11:33:43,770 INFO  [Logger] Failed!! Unable to enter a text into a textbox.//*[@id='user_password'] 
2018-11-28 11:33:50,263 INFO  [Logger] inside login() method 
2018-11-28 11:33:50,268 INFO  [Logger] inside logIn method. 
2018-11-28 11:33:52,422 INFO  [Logger]  element is present 
2018-11-28 11:33:52,458 INFO  [Logger]  element is present 
2018-11-28 11:33:52,494 INFO  [Logger] Failed!! Unable to enter a text into a textbox.//*[@id='user_login'] 
2018-11-28 11:33:52,545 INFO  [Logger] Failed!! Unable to enter a text into a textbox.//*[@id='user_password'] 
2018-11-28 11:33:59,884 INFO  [Logger] inside loginAsUser() Test. 
2018-11-28 11:33:59,889 INFO  [Logger] inside loginAsUserFromAdvanced() method 
2018-11-28 11:33:59,892 INFO  [TestBase] Generating random number in range - 1000,9999 
2018-11-28 11:33:59,892 INFO  [TestBase] Generating random number = 1666 
2018-11-28 11:33:59,894 INFO  [TestBase] Generating random number in range - 1000,9999 
2018-11-28 11:33:59,894 INFO  [TestBase] Generating random number = 7250 
2018-11-28 11:33:59,895 INFO  [TestBase] Generating random number in range - 1000,9999 
2018-11-28 11:33:59,895 INFO  [TestBase] Generating random number = 6725 
2018-11-28 11:33:59,896 INFO  [TestBase] Generating random number in range - 1000,9999 
2018-11-28 11:33:59,897 INFO  [TestBase] Generating random number = 1897 
2018-11-28 11:33:59,901 INFO  [TestBase] Generating random number in range - 1000,9999 
2018-11-28 11:33:59,901 INFO  [TestBase] Generating random number = 5603 
2018-11-28 11:33:59,901 INFO  [TestBase] Generating random number in range - 1000,9999 
2018-11-28 11:33:59,901 INFO  [TestBase] Generating random number = 9289 
2018-11-28 11:33:59,905 INFO  [Logger] inside go2Users() method. 
2018-11-28 11:34:02,259 INFO  [Logger] inside advancedSearchToSelectUser() method 
2018-11-28 11:34:12,302 INFO  [Logger] Failed!! Unable to wait on this element div.panel-tools > a.btn.btn-info.advanced-search.pull-right 
2018-11-28 11:34:22,348 INFO  [Logger] Failed!! Unable to click on an element.div.panel-tools > a.btn.btn-info.advanced-search.pull-right 
2018-11-28 11:34:32,449 INFO  [Logger] Failed!! Unable to wait on this element #pyr_core_advanced_search_form_first_name 
2018-11-28 11:34:42,487 INFO  [Logger] Failed!! Unable to clear the text from a textbox.#pyr_core_advanced_search_form_first_name 
2018-11-28 11:34:52,535 INFO  [Logger] Failed!! Unable to enter a text into a textbox.#pyr_core_advanced_search_form_first_name 
2018-11-28 11:35:02,586 INFO  [Logger] Failed!! Unable to clear the text from a textbox.#pyr_core_advanced_search_form_last_name 
2018-11-28 11:35:12,635 INFO  [Logger] Failed!! Unable to enter a text into a textbox.#pyr_core_advanced_search_form_last_name 
2018-11-28 11:35:22,681 INFO  [Logger] Failed!! Unable to clear the text from a textbox.#pyr_core_advanced_search_form_consultant_id 
2018-11-28 11:35:32,726 INFO  [Logger] Failed!! Unable to enter a text into a textbox.#pyr_core_advanced_search_form_consultant_id 
2018-11-28 11:35:42,768 INFO  [Logger] Failed!! Unable to click on an element.//*[@id='advanced-modal']/div/div[1]/div[3]/button 
2018-11-28 11:35:52,777 INFO  [Logger] inside selectUser() method 
2018-11-28 11:36:02,820 INFO  [Logger] Failed!! Unable to wait on this element //*[@id='users']/table[@class='table table-striped filter']/tbody 
2018-11-28 11:36:12,871 INFO  [Logger] inside loginAsUser() Test. 
2018-11-28 11:36:12,878 INFO  [Logger] inside loginAsUserFromAdvanced() method 
2018-11-28 11:36:12,878 INFO  [TestBase] Generating random number in range - 1000,9999 
2018-11-28 11:36:12,878 INFO  [TestBase] Generating random number = 1192 
2018-11-28 11:36:12,878 INFO  [TestBase] Generating random number in range - 1000,9999 
2018-11-28 11:36:12,878 INFO  [TestBase] Generating random number = 1245 
2018-11-28 11:36:12,878 INFO  [TestBase] Generating random number in range - 1000,9999 
2018-11-28 11:36:12,878 INFO  [TestBase] Generating random number = 3134 
2018-11-28 11:36:12,878 INFO  [TestBase] Generating random number in range - 1000,9999 
2018-11-28 11:36:12,878 INFO  [TestBase] Generating random number = 6736 
2018-11-28 11:36:12,878 INFO  [TestBase] Generating random number in range - 1000,9999 
2018-11-28 11:36:12,878 INFO  [TestBase] Generating random number = 3789 
2018-11-28 11:36:12,879 INFO  [TestBase] Generating random number in range - 1000,9999 
2018-11-28 11:36:12,879 INFO  [TestBase] Generating random number = 4085 
2018-11-28 11:36:12,883 INFO  [Logger] inside go2Users() method. 
2018-11-28 11:36:15,611 INFO  [Logger] inside advancedSearchToSelectUser() method 
2018-11-28 11:36:25,653 INFO  [Logger] Failed!! Unable to wait on this element div.panel-tools > a.btn.btn-info.advanced-search.pull-right 
2018-11-28 11:36:35,695 INFO  [Logger] Failed!! Unable to click on an element.div.panel-tools > a.btn.btn-info.advanced-search.pull-right 
2018-11-28 11:36:45,738 INFO  [Logger] Failed!! Unable to wait on this element #pyr_core_advanced_search_form_first_name 
2018-11-28 11:36:55,781 INFO  [Logger] Failed!! Unable to clear the text from a textbox.#pyr_core_advanced_search_form_first_name 
2018-11-28 11:37:05,819 INFO  [Logger] Failed!! Unable to enter a text into a textbox.#pyr_core_advanced_search_form_first_name 
2018-11-28 11:37:15,853 INFO  [Logger] Failed!! Unable to clear the text from a textbox.#pyr_core_advanced_search_form_last_name 
2018-11-28 11:37:25,883 INFO  [Logger] Failed!! Unable to enter a text into a textbox.#pyr_core_advanced_search_form_last_name 
2018-11-28 11:37:35,910 INFO  [Logger] Failed!! Unable to clear the text from a textbox.#pyr_core_advanced_search_form_consultant_id 
2018-11-28 11:37:45,936 INFO  [Logger] Failed!! Unable to enter a text into a textbox.#pyr_core_advanced_search_form_consultant_id 
2018-11-28 11:37:55,974 INFO  [Logger] Failed!! Unable to click on an element.//*[@id='advanced-modal']/div/div[1]/div[3]/button 
2018-11-28 11:38:05,988 INFO  [Logger] inside selectUser() method 
2018-11-28 11:38:16,035 INFO  [Logger] Failed!! Unable to wait on this element //*[@id='users']/table[@class='table table-striped filter']/tbody 
2018-11-28 14:49:14,026 INFO  [Logger] inside login() method 
2018-11-28 14:49:14,032 INFO  [Logger] inside logIn method. 
2018-11-28 14:49:14,257 INFO  [Logger] inside login() method 
2018-11-28 14:49:14,262 INFO  [Logger] inside logIn method. 
2018-11-28 14:49:20,179 INFO  [Logger]  element is present 
2018-11-28 14:49:20,200 INFO  [Logger]  element is present 
2018-11-28 14:49:20,223 INFO  [Logger]  element is present 
2018-11-28 14:49:20,238 INFO  [Logger] Failed!! Unable to enter a text into a textbox.//*[@id='user_login'] 
2018-11-28 14:49:20,248 INFO  [Logger]  element is present 
2018-11-28 14:49:20,266 INFO  [Logger] Failed!! Unable to enter a text into a textbox.//*[@id='user_password'] 
2018-11-28 14:49:20,278 INFO  [Logger] Failed!! Unable to enter a text into a textbox.//*[@id='user_login'] 
2018-11-28 14:49:20,302 INFO  [Logger] Failed!! Unable to enter a text into a textbox.//*[@id='user_password'] 
2018-11-28 14:49:26,655 INFO  [Logger] inside login() method 
2018-11-28 14:49:26,659 INFO  [Logger] inside logIn method. 
2018-11-28 14:49:26,790 INFO  [Logger] inside loginAsUser() Test. 
2018-11-28 14:49:26,795 INFO  [Logger] inside loginAsUserFromAdvanced() method 
2018-11-28 14:49:26,796 INFO  [TestBase] Generating random number in range - 1000,9999 
2018-11-28 14:49:26,796 INFO  [TestBase] Generating random number = 2594 
2018-11-28 14:49:26,799 INFO  [TestBase] Generating random number in range - 1000,9999 
2018-11-28 14:49:26,799 INFO  [TestBase] Generating random number = 9829 
2018-11-28 14:49:26,800 INFO  [TestBase] Generating random number in range - 1000,9999 
2018-11-28 14:49:26,800 INFO  [TestBase] Generating random number = 9384 
2018-11-28 14:49:26,801 INFO  [TestBase] Generating random number in range - 1000,9999 
2018-11-28 14:49:26,801 INFO  [TestBase] Generating random number = 9714 
2018-11-28 14:49:26,805 INFO  [TestBase] Generating random number in range - 1000,9999 
2018-11-28 14:49:26,805 INFO  [TestBase] Generating random number = 8814 
2018-11-28 14:49:26,805 INFO  [TestBase] Generating random number in range - 1000,9999 
2018-11-28 14:49:26,805 INFO  [TestBase] Generating random number = 8887 
2018-11-28 14:49:26,808 INFO  [Logger] inside go2Users() method. 
2018-11-28 14:49:27,996 INFO  [Logger]  element is present 
2018-11-28 14:49:28,011 INFO  [Logger]  element is present 
2018-11-28 14:49:28,034 INFO  [Logger] Failed!! Unable to enter a text into a textbox.//*[@id='user_login'] 
2018-11-28 14:49:28,058 INFO  [Logger] Failed!! Unable to enter a text into a textbox.//*[@id='user_password'] 
2018-11-28 14:49:28,933 INFO  [Logger] inside advancedSearchToSelectUser() method 
2018-11-28 14:49:38,956 INFO  [Logger] Failed!! Unable to wait on this element div.panel-tools > a.btn.btn-info.advanced-search.pull-right 
2018-11-28 14:49:48,975 INFO  [Logger] Failed!! Unable to click on an element.div.panel-tools > a.btn.btn-info.advanced-search.pull-right 
2018-11-28 14:49:58,994 INFO  [Logger] Failed!! Unable to wait on this element #pyr_core_advanced_search_form_first_name 
2018-11-28 14:50:09,014 INFO  [Logger] Failed!! Unable to clear the text from a textbox.#pyr_core_advanced_search_form_first_name 
2018-11-28 14:50:19,028 INFO  [Logger] Failed!! Unable to enter a text into a textbox.#pyr_core_advanced_search_form_first_name 
2018-11-28 14:50:29,086 INFO  [Logger] Failed!! Unable to clear the text from a textbox.#pyr_core_advanced_search_form_last_name 
2018-11-28 14:50:39,103 INFO  [Logger] Failed!! Unable to enter a text into a textbox.#pyr_core_advanced_search_form_last_name 
2018-11-28 14:50:49,132 INFO  [Logger] Failed!! Unable to clear the text from a textbox.#pyr_core_advanced_search_form_consultant_id 
2018-11-28 14:50:59,173 INFO  [Logger] Failed!! Unable to enter a text into a textbox.#pyr_core_advanced_search_form_consultant_id 
2018-11-28 14:51:31,732 INFO  [Logger] inside login() method 
2018-11-28 14:51:31,739 INFO  [Logger] inside logIn method. 
2018-11-28 14:51:32,389 INFO  [Logger] inside login() method 
2018-11-28 14:51:32,396 INFO  [Logger] inside logIn method. 
2018-11-28 14:51:44,779 INFO  [Logger] Failed!! Unable to wait on this element //*[@id='user_login'] 
2018-11-28 14:51:48,387 INFO  [Logger] Failed!! Unable to wait on this element //*[@id='user_login'] 
2018-11-28 14:51:54,813 INFO  [Logger] Failed!! Unable to enter a text into a textbox.//*[@id='user_login'] 
2018-11-28 14:51:58,418 INFO  [Logger] Failed!! Unable to enter a text into a textbox.//*[@id='user_login'] 
2018-11-28 14:52:04,840 INFO  [Logger] Failed!! Unable to enter a text into a textbox.//*[@id='user_password'] 
2018-11-28 14:52:08,442 INFO  [Logger] Failed!! Unable to enter a text into a textbox.//*[@id='user_password'] 
2018-11-28 14:52:14,877 INFO  [Logger] Failed!! Unable to click on a button.//*[@id='new_user']/div[1]/input 
2018-11-28 14:57:29,794 INFO  [Logger] inside login() method 
2018-11-28 14:57:29,801 INFO  [Logger] inside logIn method. 
2018-11-28 14:57:30,844 INFO  [Logger] inside login() method 
2018-11-28 14:57:30,849 INFO  [Logger] inside logIn method. 
2018-11-28 14:57:42,944 INFO  [Logger] Failed!! Unable to wait on this element //*[@id='user_login'] 
2018-11-28 14:57:44,041 INFO  [Logger] Failed!! Unable to wait on this element //*[@id='user_login'] 
2018-11-28 14:57:52,972 INFO  [Logger] Failed!! Unable to enter a text into a textbox.//*[@id='user_login'] 
2018-11-28 14:57:54,063 INFO  [Logger] Failed!! Unable to enter a text into a textbox.//*[@id='user_login'] 
2018-11-28 14:58:02,998 INFO  [Logger] Failed!! Unable to enter a text into a textbox.//*[@id='user_password'] 
2018-11-28 14:58:04,087 INFO  [Logger] Failed!! Unable to enter a text into a textbox.//*[@id='user_password'] 
2018-11-28 14:58:13,026 INFO  [Logger] Failed!! Unable to click on a button.//*[@id='new_user']/div[1]/input 
2018-11-28 14:58:14,122 INFO  [Logger] Failed!! Unable to click on a button.//*[@id='new_user']/div[1]/input 
2018-11-28 14:58:28,064 INFO  [Logger] Failed!! Unable to capture confirmation message 
2018-11-28 14:58:29,153 INFO  [Logger] Failed!! Unable to capture confirmation message 
2018-11-28 15:00:31,702 INFO  [Logger] inside login() method 
2018-11-28 15:00:31,712 INFO  [Logger] inside logIn method. 
2018-11-28 15:00:32,008 INFO  [Logger] inside login() method 
2018-11-28 15:00:32,015 INFO  [Logger] inside logIn method. 
2018-11-28 15:00:44,816 INFO  [Logger] Failed!! Unable to wait on this element //*[@id='user_login'] 
2018-11-28 15:00:45,106 INFO  [Logger] Failed!! Unable to wait on this element //*[@id='user_login'] 
2018-11-28 15:00:54,859 INFO  [Logger] Failed!! Unable to enter a text into a textbox.//*[@id='user_login'] 
2018-11-28 15:00:55,136 INFO  [Logger] Failed!! Unable to enter a text into a textbox.//*[@id='user_login'] 
2018-11-28 15:01:04,878 INFO  [Logger] Failed!! Unable to enter a text into a textbox.//*[@id='user_password'] 
2018-11-28 15:01:05,166 INFO  [Logger] Failed!! Unable to enter a text into a textbox.//*[@id='user_password'] 
2018-11-28 15:01:14,902 INFO  [Logger] Failed!! Unable to click on a button.//*[@id='new_user']/div[1]/input 
2018-11-28 15:01:15,199 INFO  [Logger] Failed!! Unable to click on a button.//*[@id='new_user']/div[1]/input 
2018-11-28 15:01:29,957 INFO  [Logger] Failed!! Unable to capture confirmation message 
2018-11-28 15:01:30,238 INFO  [Logger] Failed!! Unable to capture confirmation message 
2018-11-28 15:14:11,499 INFO  [Logger] inside login() method 
2018-11-28 15:14:11,506 INFO  [Logger] Enter login credentials 
2018-11-28 15:14:12,126 INFO  [Logger] inside login() method 
2018-11-28 15:14:12,132 INFO  [Logger] Enter login credentials 
